<?xml version="1.0" encoding="UTF-8"?>
<testng-results ignored="0" total="1" passed="1" failed="0" skipped="0">
  <reporter-output>
  </reporter-output>
  <suite started-at="2023-12-01T23:40:30 IST" name="testsuite" finished-at="2023-12-01T23:40:39 IST" duration-ms="9471">
    <groups>
    </groups>
    <test started-at="2023-12-01T23:40:30 IST" name="MyFramework" finished-at="2023-12-01T23:40:39 IST" duration-ms="9471">
      <class name="tests.LoginTest">
        <test-method is-config="true" signature="InitalizeExtentReport()[pri:0, instance:tests.LoginTest@5b247367]" started-at="2023-12-01T23:40:30 IST" name="InitalizeExtentReport" finished-at="2023-12-01T23:40:30 IST" duration-ms="213" status="PASS">
          <reporter-output>
          </reporter-output>
        </test-method> <!-- InitalizeExtentReport -->
        <test-method is-config="true" signature="getnameMethod(org.testng.ITestContext)[pri:0, instance:tests.LoginTest@5b247367]" started-at="2023-12-01T23:40:30 IST" name="getnameMethod" finished-at="2023-12-01T23:40:30 IST" duration-ms="8" status="PASS">
          <params>
            <param index="0">
              <value>
                <![CDATA[org.testng.TestRunner@29caf222]]>
              </value>
            </param>
          </params>
          <reporter-output>
          </reporter-output>
        </test-method> <!-- getnameMethod -->
        <test-method is-config="true" signature="start_browser()[pri:0, instance:tests.LoginTest@5b247367]" started-at="2023-12-01T23:40:30 IST" name="start_browser" finished-at="2023-12-01T23:40:36 IST" depends-on-methods="pages.TestBase.getnameMethod" duration-ms="5809" status="PASS">
          <reporter-output>
          </reporter-output>
        </test-method> <!-- start_browser -->
        <test-method signature="test_login()[pri:0, instance:tests.LoginTest@5b247367]" started-at="2023-12-01T23:40:36 IST" name="test_login" finished-at="2023-12-01T23:40:39 IST" duration-ms="3411" status="PASS">
          <reporter-output>
          </reporter-output>
        </test-method> <!-- test_login -->
        <test-method is-config="true" signature="generateTestStatus(java.lang.reflect.Method,org.testng.ITestResult)[pri:0, instance:tests.LoginTest@5b247367]" started-at="2023-12-01T23:40:39 IST" name="generateTestStatus" finished-at="2023-12-01T23:40:39 IST" duration-ms="14" status="PASS">
          <params>
            <param index="0">
              <value>
                <![CDATA[public void tests.LoginTest.test_login() throws java.io.IOException]]>
              </value>
            </param>
            <param index="1">
              <value>
                <![CDATA[[TestResult name=test_login status=SUCCESS method=LoginTest.test_login()[pri:0, instance:tests.LoginTest@5b247367] output={null}]]]>
              </value>
            </param>
          </params>
          <reporter-output>
          </reporter-output>
        </test-method> <!-- generateTestStatus -->
        <test-method is-config="true" signature="close_browser()[pri:0, instance:tests.LoginTest@5b247367]" started-at="2023-12-01T23:40:39 IST" name="close_browser" finished-at="2023-12-01T23:40:39 IST" duration-ms="174" status="PASS">
          <reporter-output>
          </reporter-output>
        </test-method> <!-- close_browser -->
        <test-method is-config="true" signature="generateReports()[pri:0, instance:tests.LoginTest@5b247367]" started-at="2023-12-01T23:40:39 IST" name="generateReports" finished-at="2023-12-01T23:40:40 IST" duration-ms="780" status="PASS">
          <reporter-output>
          </reporter-output>
        </test-method> <!-- generateReports -->
      </class> <!-- tests.LoginTest -->
    </test> <!-- MyFramework -->
  </suite> <!-- testsuite -->
</testng-results>
